Change Component Footprint: Designator=FB2 Old Footprint=BEADC1608X95N New Footprint=CAPC1206(3216)130_M
Change Component Footprint: Designator=C1 Old Footprint=CAPC1206(3216)130_M New Footprint=CAPC3216X180N
Change Component Footprint: Designator=C2 Old Footprint=CAPC1206(3216)130_M New Footprint=CAPC3216X180N
Change Component Footprint: Designator=C3 Old Footprint=CAPC1206(3216)130_M New Footprint=CAPC3216X180N
Change Component Footprint: Designator=C5 Old Footprint=CAPC1206(3216)130_M New Footprint=CAPC3216X180N
Change Component Footprint: Designator=C12 Old Footprint=CAPC3216X180N New Footprint=CAPC3216X180N
Change Component Footprint: Designator=C16 Old Footprint=CAPC3216X180N New Footprint=CAPC1206(3216)130_M
Change Component Footprint: Designator=C17 Old Footprint=CAPC3216X180N New Footprint=CAPC1206(3216)130_M
Change Component Footprint: Designator=C24 Old Footprint=CAPC3216X180N New Footprint=CAPC1206(3216)130_M
Change Component Designator: OldDesignator=pg NewDesignator=U1
Change Component Description : Designator=FB2 Old Description=220 Ohms @ 100 MHz 1 Power Line Ferrite Bead 0603 (1608 Metric) 1.4A 100mOhm New Description=600 Ohms @ 100 MHz 1 Ferrite Bead 0603 (1608 Metric) 350mA 500mOhm
Change Component Description : Designator=C27 Old Description=CAP 1uF 25V -20% to +80% 1206 (3216 Metric) Thickness 1.3mm New Description=CAP 1uF 25V -20% to +80% 1206 (3216 Metric) Thickness 1.3mm SMD
Change Component Description : Designator=C28 Old Description=CAP 1uF 25V -20% to +80% 1206 (3216 Metric) Thickness 1.3mm New Description=CAP 1uF 25V -20% to +80% 1206 (3216 Metric) Thickness 1.3mm SMD
Added Component: Designator=R1(R1206)
Added Component: Designator=R2(R1206)
Added Component: Designator=R3(R1206)
Added Component: Designator=R4(R1206)
Added Component: Designator=R5(R1206)
Added Component: Designator=R6(R1206)
Added Pin To Net: NetName=NetR1_1 Pin=R1-1
Added Pin To Net: NetName=GND Pin=R1-2
Added Pin To Net: NetName=RST_BTN Pin=R2-1
Added Pin To Net: NetName=3V3 Pin=R2-2
Added Pin To Net: NetName=GND Pin=R3-1
Added Pin To Net: NetName=NetD1_1 Pin=R3-2
Added Pin To Net: NetName=GND Pin=R4-1
Added Pin To Net: NetName=NetD2_1 Pin=R4-2
Added Pin To Net: NetName=CBS0 Pin=R5-1
Added Pin To Net: NetName=NetD3_1 Pin=R5-2
Added Pin To Net: NetName=GND Pin=R6-1
Added Pin To Net: NetName=NetD4_1 Pin=R6-2
Added Member To Class: ClassName=MCU_Board_fNIRS Member=Component R1 10k
Added Member To Class: ClassName=MCU_Board_fNIRS Member=Component R2 10k
Added Member To Class: ClassName=MCU_Board_fNIRS_POWER Member=Component R3 300
Added Member To Class: ClassName=MCU_Board_fNIRS_POWER Member=Component R4 300
Added Member To Class: ClassName=MCU_Board_fNIRS_POWER Member=Component R5 300
Added Member To Class: ClassName=MCU_Board_fNIRS_POWER Member=Component R6 300
